[    0.000000] Initializing cgroup subsys cpuset
[    0.000000] Initializing cgroup subsys cpu
[    0.000000] Initializing cgroup subsys cpuacct
[    0.000000] Linux version 4.4.0-146-generic (buildd@lcy01-amd64-025) (gcc version 5.4.0 20160609 (Ubuntu 5.4.0-6ubuntu1~16.04.10) ) #172-Ubuntu SMP Wed Apr 3 09:00:08 UTC 2019 (Ubuntu 4.4.0-146.172-generic 4.4.177)
[    0.000000] Command line: BOOT_IMAGE=/boot/vmlinuz-4.4.0-146-generic root=LABEL=cloudimg-rootfs ro console=tty1 console=ttyS0
[    0.000000] KERNEL supported cpus:
[    0.000000]   Intel GenuineIntel
[    0.000000]   AMD AuthenticAMD
[    0.000000]   Centaur CentaurHauls
[    0.000000] x86/fpu: xstate_offset[2]:  576, xstate_sizes[2]:  256
[    0.000000] x86/fpu: Supporting XSAVE feature 0x01: 'x87 floating point registers'
[    0.000000] x86/fpu: Supporting XSAVE feature 0x02: 'SSE registers'
[    0.000000] x86/fpu: Supporting XSAVE feature 0x04: 'AVX registers'
[    0.000000] x86/fpu: Enabled xstate features 0x7, context size is 832 bytes, using 'standard' format.
[    0.000000] e820: BIOS-provided physical RAM map:
[    0.000000] BIOS-e820: [mem 0x0000000000000000-0x000000000009fbff] usable
[    0.000000] BIOS-e820: [mem 0x000000000009fc00-0x000000000009ffff] reserved
[    0.000000] BIOS-e820: [mem 0x00000000000f0000-0x00000000000fffff] reserved
[    0.000000] BIOS-e820: [mem 0x0000000000100000-0x000000003ffeffff] usable
[    0.000000] BIOS-e820: [mem 0x000000003fff0000-0x000000003fffffff] ACPI data
[    0.000000] BIOS-e820: [mem 0x00000000fec00000-0x00000000fec00fff] reserved
[    0.000000] BIOS-e820: [mem 0x00000000fee00000-0x00000000fee00fff] reserved
[    0.000000] BIOS-e820: [mem 0x00000000fffc0000-0x00000000ffffffff] reserved
[    0.000000] NX (Execute Disable) protection: active
[    0.000000] SMBIOS 2.5 present.
[    0.000000] Hypervisor detected: KVM
[    0.000000] e820: last_pfn = 0x3fff0 max_arch_pfn = 0x400000000
[    0.000000] MTRR: Disabled
[    0.000000] x86/PAT: MTRRs disabled, skipping PAT initialization too.
[    0.000000] CPU MTRRs all blank - virtualized system.
[    0.000000] x86/PAT: Configuration [0-7]: WB  WT  UC- UC  WB  WT  UC- UC  
[    0.000000] found SMP MP-table at [mem 0x0009fff0-0x0009ffff] mapped at [ffff88000009fff0]
[    0.000000] Scanning 1 areas for low memory corruption
[    0.000000] RAMDISK: [mem 0x362fa000-0x37174fff]
[    0.000000] ACPI: Early table checksum verification disabled
[    0.000000] ACPI: RSDP 0x00000000000E0000 000024 (v02 VBOX  )
[    0.000000] ACPI: XSDT 0x000000003FFF0030 00003C (v01 VBOX   VBOXXSDT 00000001 ASL  00000061)
[    0.000000] ACPI: FACP 0x000000003FFF00F0 0000F4 (v04 VBOX   VBOXFACP 00000001 ASL  00000061)
[    0.000000] ACPI: DSDT 0x000000003FFF0470 0021C8 (v02 VBOX   VBOXBIOS 00000002 INTL 20100528)
[    0.000000] ACPI: FACS 0x000000003FFF0200 000040
[    0.000000] ACPI: FACS 0x000000003FFF0200 000040
[    0.000000] ACPI: APIC 0x000000003FFF0240 00005C (v02 VBOX   VBOXAPIC 00000001 ASL  00000061)
[    0.000000] ACPI: SSDT 0x000000003FFF02A0 0001CC (v01 VBOX   VBOXCPUT 00000002 INTL 20100528)
[    0.000000] No NUMA configuration found
[    0.000000] Faking a node at [mem 0x0000000000000000-0x000000003ffeffff]
[    0.000000] NODE_DATA(0) allocated [mem 0x3ffeb000-0x3ffeffff]
[    0.000000] kvm-clock: Using msrs 4b564d01 and 4b564d00
[    0.000000] kvm-clock: cpu 0, msr 0:3ffe3001, primary cpu clock
[    0.000000] kvm-clock: using sched offset of 3349819861 cycles
[    0.000000] clocksource: kvm-clock: mask: 0xffffffffffffffff max_cycles: 0x1cd42e4dffb, max_idle_ns: 881590591483 ns
[    0.000000] Zone ranges:
[    0.000000]   DMA      [mem 0x0000000000001000-0x0000000000ffffff]
[    0.000000]   DMA32    [mem 0x0000000001000000-0x000000003ffeffff]
[    0.000000]   Normal   empty
[    0.000000]   Device   empty
[    0.000000] Movable zone start for each node
[    0.000000] Early memory node ranges
[    0.000000]   node   0: [mem 0x0000000000001000-0x000000000009efff]
[    0.000000]   node   0: [mem 0x0000000000100000-0x000000003ffeffff]
[    0.000000] Initmem setup node 0 [mem 0x0000000000001000-0x000000003ffeffff]
[    0.000000] ACPI: PM-Timer IO Port: 0x4008
[    0.000000] IOAPIC[0]: apic_id 2, version 32, address 0xfec00000, GSI 0-23
[    0.000000] ACPI: INT_SRC_OVR (bus 0 bus_irq 0 global_irq 2 dfl dfl)
[    0.000000] ACPI: INT_SRC_OVR (bus 0 bus_irq 9 global_irq 9 high level)
[    0.000000] Using ACPI (MADT) for SMP configuration information
[    0.000000] smpboot: Allowing 2 CPUs, 0 hotplug CPUs
[    0.000000] PM: Registered nosave memory: [mem 0x00000000-0x00000fff]
[    0.000000] PM: Registered nosave memory: [mem 0x0009f000-0x0009ffff]
[    0.000000] PM: Registered nosave memory: [mem 0x000a0000-0x000effff]
[    0.000000] PM: Registered nosave memory: [mem 0x000f0000-0x000fffff]
[    0.000000] e820: [mem 0x40000000-0xfebfffff] available for PCI devices
[    0.000000] Booting paravirtualized kernel on KVM
[    0.000000] clocksource: refined-jiffies: mask: 0xffffffff max_cycles: 0xffffffff, max_idle_ns: 7645519600211568 ns
[    0.000000] setup_percpu: NR_CPUS:512 nr_cpumask_bits:512 nr_cpu_ids:2 nr_node_ids:1
[    0.000000] PERCPU: Embedded 34 pages/cpu @ffff88003fc00000 s99480 r8192 d31592 u1048576
[    0.000000] Built 1 zonelists in Node order, mobility grouping on.  Total pages: 257912
[    0.000000] Policy zone: DMA32
[    0.000000] Kernel command line: BOOT_IMAGE=/boot/vmlinuz-4.4.0-146-generic root=LABEL=cloudimg-rootfs ro console=tty1 console=ttyS0
[    0.000000] PID hash table entries: 4096 (order: 3, 32768 bytes)
[    0.000000] Memory: 997732K/1048120K available (8609K kernel code, 1334K rwdata, 4028K rodata, 1484K init, 1284K bss, 50388K reserved, 0K cma-reserved)
[    0.000000] SLUB: HWalign=64, Order=0-3, MinObjects=0, CPUs=2, Nodes=1
[    0.000000] Kernel/User page tables isolation: enabled
[    0.000000] Hierarchical RCU implementation.
[    0.000000] 	Build-time adjustment of leaf fanout to 64.
[    0.000000] 	RCU restricting CPUs from NR_CPUS=512 to nr_cpu_ids=2.
[    0.000000] RCU: Adjusting geometry for rcu_fanout_leaf=64, nr_cpu_ids=2
[    0.000000] NR_IRQS:33024 nr_irqs:440 16
[    0.000000] Console: colour VGA+ 80x25
[    0.000000] console [tty1] enabled
[    0.000000] console [ttyS0] enabled
[    0.000000] tsc: Detected 1799.999 MHz processor
[    2.893387] Calibrating delay loop (skipped) preset value.. 3599.99 BogoMIPS (lpj=7199996)
[    2.937227] pid_max: default: 32768 minimum: 301
[    3.000598] ACPI: Core revision 20150930
[    3.045485] ACPI: 2 ACPI AML tables successfully acquired and loaded
[    3.060656] Security Framework initialized
[    3.097214] Yama: becoming mindful.
[    3.137298] AppArmor: AppArmor initialized
[    3.180199] Dentry cache hash table entries: 131072 (order: 8, 1048576 bytes)
[    3.268275] Inode-cache hash table entries: 65536 (order: 7, 524288 bytes)
[    3.325527] Mount-cache hash table entries: 2048 (order: 2, 16384 bytes)
[    3.412739] Mountpoint-cache hash table entries: 2048 (order: 2, 16384 bytes)
[    3.464945] Initializing cgroup subsys io
[    3.466049] Initializing cgroup subsys memory
[    3.467204] Initializing cgroup subsys devices
[    3.495755] Initializing cgroup subsys freezer
[    3.526389] Initializing cgroup subsys net_cls
[    3.564720] Initializing cgroup subsys perf_event
[    3.585776] Initializing cgroup subsys net_prio
[    3.624836] Initializing cgroup subsys hugetlb
[    3.686774] Initializing cgroup subsys pids
[    3.735043] mce: CPU supports 0 MCE banks
[    3.774354] Last level iTLB entries: 4KB 64, 2MB 8, 4MB 8
[    3.842266] Last level dTLB entries: 4KB 64, 2MB 0, 4MB 0, 1GB 4
[    3.917428] Spectre V2 : Mitigation: Full generic retpoline
[    3.925728] Spectre V2 : Spectre v2 / SpectreRSB mitigation: Filling RSB on context switch
[    3.947457] Speculative Store Bypass: Vulnerable
[    3.960047] Freeing SMP alternatives memory: 36K
[    3.994446] ftrace: allocating 32287 entries in 127 pages
[    4.096517] smpboot: APIC(0) Converting physical 0 to logical package 0
[    4.134307] smpboot: Max logical packages: 1
[    4.159330] x2apic enabled
[    4.200351] Switched APIC routing to physical x2apic.
[    4.253885] ..TIMER: vector=0x30 apic1=0 pin1=2 apic2=-1 pin2=-1
[    4.360552] smpboot: CPU0: Intel(R) Core(TM) i5-5350U CPU @ 1.80GHz (family: 0x6, model: 0x3d, stepping: 0x4)
[    4.409338] Performance Events: unsupported p6 CPU model 61 no PMU driver, software events only.
[    4.446478] KVM setup paravirtual spinlock
[    4.472152] x86: Booting SMP configuration:
[    4.495535] .... node  #0, CPUs:      #1
[    4.531720] kvm-clock: cpu 1, msr 0:3ffe3041, secondary cpu clock
[    4.550006] mce: CPU supports 0 MCE banks
[    4.552791] x86: Booted up 1 node, 2 CPUs
[    4.574493] smpboot: Total of 2 processors activated (7199.99 BogoMIPS)
[    4.586619] devtmpfs: initialized
[    4.591520] evm: security.selinux
[    4.607115] evm: security.SMACK64
[    4.612117] evm: security.SMACK64EXEC
[    4.619630] evm: security.SMACK64TRANSMUTE
[    4.624689] evm: security.SMACK64MMAP
[    4.628752] evm: security.ima
[    4.631961] evm: security.capability
[    4.636868] clocksource: jiffies: mask: 0xffffffff max_cycles: 0xffffffff, max_idle_ns: 7645041785100000 ns
[    4.652526] futex hash table entries: 512 (order: 3, 32768 bytes)
[    4.659719] pinctrl core: initialized pinctrl subsystem
[    4.671198] RTC time:  8:21:05, date: 05/30/19
[    4.679525] NET: Registered protocol family 16
[    4.737518] cpuidle: using governor ladder
[    4.788764] cpuidle: using governor menu
[    4.836105] PCCT header not found.
[    4.842422] ACPI: bus type PCI registered
[    4.929668] acpiphp: ACPI Hot Plug PCI Controller Driver version: 0.5
[    4.967262] PCI: Using configuration type 1 for base access
[    4.995244] ACPI: Added _OSI(Module Device)
[    5.015131] ACPI: Added _OSI(Processor Device)
[    5.043378] ACPI: Added _OSI(3.0 _SCP Extensions)
[    5.079533] ACPI: Added _OSI(Processor Aggregator Device)
[    5.100859] ACPI: Executed 1 blocks of module-level executable AML code
[    5.152552] ACPI: Interpreter enabled
[    5.198154] ACPI: (supports S0 S5)
[    5.232941] ACPI: Using IOAPIC for interrupt routing
[    5.290708] PCI: Using host bridge windows from ACPI; if necessary, use "pci=nocrs" and report a bug
[    5.344481] ACPI: PCI Root Bridge [PCI0] (domain 0000 [bus 00-ff])
[    5.408999] acpi PNP0A03:00: _OSC: OS supports [ASPM ClockPM Segments MSI]
[    5.466940] acpi PNP0A03:00: _OSC failed (AE_NOT_FOUND); disabling ASPM
[    5.535868] acpi PNP0A03:00: fail to add MMCONFIG information, can't access extended PCI configuration space under this bridge.
[    5.581981] PCI host bridge to bus 0000:00
[    5.628989] pci_bus 0000:00: root bus resource [io  0x0000-0x0cf7 window]
[    5.679881] pci_bus 0000:00: root bus resource [io  0x0d00-0xffff window]
[    5.751817] pci_bus 0000:00: root bus resource [mem 0x000a0000-0x000bffff window]
[    5.833195] pci_bus 0000:00: root bus resource [mem 0x40000000-0xffdfffff window]
[    5.901223] pci_bus 0000:00: root bus resource [bus 00-ff]
[    5.911993] pci 0000:00:01.1: legacy IDE quirk: reg 0x10: [io  0x01f0-0x01f7]
[    5.991797] pci 0000:00:01.1: legacy IDE quirk: reg 0x14: [io  0x03f6]
[    6.032945] pci 0000:00:01.1: legacy IDE quirk: reg 0x18: [io  0x0170-0x0177]
[    6.059235] pci 0000:00:01.1: legacy IDE quirk: reg 0x1c: [io  0x0376]
[    6.091601] pci 0000:00:07.0: quirk: [io  0x4000-0x403f] claimed by PIIX4 ACPI
[    6.150679] pci 0000:00:07.0: quirk: [io  0x4100-0x410f] claimed by PIIX4 SMB
[    6.190972] ACPI: PCI Interrupt Link [LNKA] (IRQs 5 9 10 *11)
[    6.263415] ACPI: PCI Interrupt Link [LNKB] (IRQs 5 9 10 *11)
[    6.344879] ACPI: PCI Interrupt Link [LNKC] (IRQs 5 9 *10 11)
[    6.399399] ACPI: PCI Interrupt Link [LNKD] (IRQs 5 *9 10 11)
[    6.424071] ACPI: Enabled 2 GPEs in block 00 to 07
[    6.442382] vgaarb: setting as boot device: PCI:0000:00:02.0
[    6.498958] vgaarb: device added: PCI:0000:00:02.0,decodes=io+mem,owns=io+mem,locks=none
[    6.610573] vgaarb: loaded
[    6.631574] vgaarb: bridge control possible 0000:00:02.0
[    6.693258] SCSI subsystem initialized
[    6.735643] ACPI: bus type USB registered
[    6.749300] usbcore: registered new interface driver usbfs
[    6.791837] usbcore: registered new interface driver hub
[    6.830677] usbcore: registered new device driver usb
[    6.835178] PCI: Using ACPI for IRQ routing
[    6.849506] NetLabel: Initializing
[    6.879435] NetLabel:  domain hash size = 128
[    6.918104] NetLabel:  protocols = UNLABELED CIPSOv4
[    6.980476] NetLabel:  unlabeled traffic allowed by default
[    7.045175] amd_nb: Cannot enumerate AMD northbridges
[    7.109572] clocksource: Switched to clocksource kvm-clock
[    7.187155] AppArmor: AppArmor Filesystem Enabled
[    7.265919] pnp: PnP ACPI init
[    7.300491] pnp: PnP ACPI: found 3 devices
[    7.366314] clocksource: acpi_pm: mask: 0xffffff max_cycles: 0xffffff, max_idle_ns: 2085701024 ns
[    7.479812] NET: Registered protocol family 2
[    7.569222] TCP established hash table entries: 8192 (order: 4, 65536 bytes)
[    7.656725] TCP bind hash table entries: 8192 (order: 5, 131072 bytes)
[    7.788816] TCP: Hash tables configured (established 8192 bind 8192)
[    7.889448] UDP hash table entries: 512 (order: 2, 16384 bytes)
[    7.953569] UDP-Lite hash table entries: 512 (order: 2, 16384 bytes)
[    8.004490] NET: Registered protocol family 1
[    8.052456] pci 0000:00:00.0: Limiting direct PCI/PCI transfers
[    8.111515] pci 0000:00:01.0: Activating ISA DMA hang workarounds
[    8.235594] Unpacking initramfs...
[    8.549679] Freeing initrd memory: 14828K
[    8.598697] RAPL PMU detected, API unit is 2^-32 Joules, 4 fixed counters 10737418240 ms ovfl timer
[    8.720624] hw unit of domain pp0-core 2^-0 Joules
[    8.758955] hw unit of domain package 2^-0 Joules
[    8.799005] hw unit of domain dram 2^-0 Joules
[    8.865751] hw unit of domain pp1-gpu 2^-0 Joules
[    8.934012] platform rtc_cmos: registered platform RTC device (no PNP device found)
[    9.002458] Scanning for low memory corruption every 60 seconds
[    9.021591] audit: initializing netlink subsys (disabled)
[    9.039295] audit: type=2000 audit(1559204467.947:1): initialized
[    9.059195] Initialise system trusted keyring
[    9.067287] HugeTLB registered 2 MB page size, pre-allocated 0 pages
[    9.075705] zbud: loaded
[    9.085920] VFS: Disk quotas dquot_6.6.0
[    9.088978] VFS: Dquot-cache hash table entries: 512 (order 0, 4096 bytes)
[    9.099683] squashfs: version 4.0 (2009/01/31) Phillip Lougher
[    9.122969] fuse init (API version 7.23)
[    9.143206] Key type big_key registered
[    9.164872] Allocating IMA MOK and blacklist keyrings.
[    9.171859] Key type asymmetric registered
[    9.193900] Asymmetric key parser 'x509' registered
[    9.230038] Block layer SCSI generic (bsg) driver version 0.4 loaded (major 249)
[    9.269488] io scheduler noop registered
[    9.302066] io scheduler deadline registered (default)
[    9.303584] io scheduler cfq registered
[    9.312785] pci_hotplug: PCI Hot Plug PCI Core version: 0.5
[    9.373366] pciehp: PCI Express Hot Plug Controller Driver version: 0.4
[    9.387149] ACPI: AC Adapter [AC] (on-line)
[    9.388392] input: Power Button as /devices/LNXSYSTM:00/LNXPWRBN:00/input/input0
[    9.417976] ACPI: Power Button [PWRF]
[    9.459536] input: Sleep Button as /devices/LNXSYSTM:00/LNXSLPBN:00/input/input1
[    9.513880] ACPI: Sleep Button [SLPF]
[    9.528354] GHES: HEST is not enabled!
[    9.529487] ACPI: Battery Slot [BAT0] (battery present)
[    9.568342] Serial: 8250/16550 driver, 32 ports, IRQ sharing enabled
[    9.671820] 00:02: ttyS0 at I/O 0x3f8 (irq = 4, base_baud = 115200) is a 16550A
[    9.760894] Linux agpgart interface v0.103
[    9.781484] loop: module loaded
[    9.851548] scsi host0: ata_piix
[    9.899345] scsi host1: ata_piix
[    9.931513] ata1: PATA max UDMA/33 cmd 0x1f0 ctl 0x3f6 bmdma 0xd000 irq 14
[    9.949052] ata2: PATA max UDMA/33 cmd 0x170 ctl 0x376 bmdma 0xd008 irq 15
[    9.949744] tsc: Refined TSC clocksource calibration: 1800.119 MHz
[    9.949746] clocksource: tsc: mask: 0xffffffffffffffff max_cycles: 0x19f29a14cb5, max_idle_ns: 440795249043 ns
[   10.113826] libphy: Fixed MDIO Bus: probed
[   10.163726] tun: Universal TUN/TAP device driver, 1.6
[   10.214249] tun: (C) 1999-2004 Max Krasnyansky <maxk@qualcomm.com>
[   10.276648] PPP generic driver version 2.4.2
[   10.319248] ehci_hcd: USB 2.0 'Enhanced' Host Controller (EHCI) Driver
[   10.344731] ehci-pci: EHCI PCI platform driver
[   10.397004] ehci-platform: EHCI generic platform driver
[   10.449567] ohci_hcd: USB 1.1 'Open' Host Controller (OHCI) Driver
[   10.466546] ohci-pci: OHCI PCI platform driver
[   10.479716] ohci-platform: OHCI generic platform driver
[   10.493549] uhci_hcd: USB Universal Host Controller Interface driver
[   10.518935] i8042: PNP: PS/2 Controller [PNP0303:PS2K,PNP0f03:PS2M] at 0x60,0x64 irq 1,12
[   10.548089] serio: i8042 KBD port at 0x60,0x64 irq 1
[   10.562784] serio: i8042 AUX port at 0x60,0x64 irq 12
[   10.595759] mousedev: PS/2 mouse device common for all mice
[   10.701173] rtc_cmos rtc_cmos: rtc core: registered rtc_cmos as rtc0
[   10.729583] rtc_cmos rtc_cmos: alarms up to one day, 114 bytes nvram
[   10.733464] i2c /dev entries driver
[   10.785029] input: AT Translated Set 2 keyboard as /devices/platform/i8042/serio0/input/input2
[   10.818374] device-mapper: uevent: version 1.0.3
[   10.849364] device-mapper: ioctl: 4.34.0-ioctl (2015-10-28) initialised: dm-devel@redhat.com
[   10.934202] ledtrig-cpu: registered to indicate activity on CPUs
[   10.983647] NET: Registered protocol family 10
[   11.033911] NET: Registered protocol family 17
[   11.070865] Key type dns_resolver registered
[   11.122090] registered taskstats version 1
[   11.131574] Loading compiled-in X.509 certificates
[   11.190692] Loaded X.509 cert 'Build time autogenerated kernel key: 4dcb2dc2c7cf43e0c20c44384f68683c20294489'
[   11.250578] zswap: loaded using pool lzo/zbud
[   11.316590] Key type trusted registered
[   11.342812] Key type encrypted registered
[   11.362956] AppArmor: AppArmor sha1 policy hashing enabled
[   11.453176] ima: No TPM chip found, activating TPM-bypass!
[   11.510648] ima: Allocated hash algorithm: sha1
[   11.542754] evm: HMAC attrs: 0x1
[   11.544168]   Magic number: 3:917:372
[   11.582450] rtc_cmos rtc_cmos: setting system clock to 2019-05-30 08:21:11 UTC (1559204471)
[   11.678008] BIOS EDD facility v0.16 2004-Jun-25, 0 devices found
[   11.719674] EDD information not available.
[   11.756002] Freeing unused kernel memory: 1484K
[   11.821607] Write protecting the kernel read-only data: 14336k
[   11.893941] Freeing unused kernel memory: 1620K
[   11.938037] Freeing unused kernel memory: 68K
Loading, please [   12.030598] random: systemd-udevd: uninitialized urandom read (16 bytes read, 7 bits of entropy available)
wait...
starting version 229
[   12.031375] random: udevadm: uninitialized urandom read (16 bytes read, 7 bits of entropy available)
[   12.031401] random: udevadm: uninitialized urandom read (16 bytes read, 7 bits of entropy available)
[   12.043722] random: udevadm: uninitialized urandom read (16 bytes read, 7 bits of entropy available)
[   12.043780] random: udevadm: uninitialized urandom read (16 bytes read, 7 bits of entropy available)
[   12.043970] random: udevadm: uninitialized urandom read (16 bytes read, 7 bits of entropy available)
[   12.044044] random: udevadm: uninitialized urandom read (16 bytes read, 7 bits of entropy available)
[   12.044117] random: udevadm: uninitialized urandom read (16 bytes read, 7 bits of entropy available)
[   12.044191] random: udevadm: uninitialized urandom read (16 bytes read, 7 bits of entropy available)
[   12.044261] random: udevadm: uninitialized urandom read (16 bytes read, 7 bits of entropy available)
[   12.628951] e1000: Intel(R) PRO/1000 Network Driver - version 7.3.21-k8-NAPI
[   12.653980] e1000: Copyright (c) 1999-2006 Intel Corporation.
[   12.763641] Fusion MPT base driver 3.04.20
[   12.769487] Copyright (c) 1999-2008 LSI Corporation
[   12.779454] Fusion MPT SPI Host driver 3.04.20
[   12.798007] AVX version of gcm_enc/dec engaged.
[   12.811529] AES CTR mode by8 optimization enabled
[   12.946140] input: ImExPS/2 Generic Explorer Mouse as /devices/platform/i8042/serio1/input/input4
[   13.162498] e1000 0000:00:03.0 eth0: (PCI:33MHz:32-bit) 02:3a:f4:24:e2:72
[   13.287395] e1000 0000:00:03.0 eth0: Intel(R) PRO/1000 Network Connection
[   13.406975] mptbase: ioc0: Initiating bringup
[   13.538449] ioc0: LSI53C1030 A0: Capabilities={Initiator}
[   13.810329] scsi host2: ioc0: LSI53C1030 A0, FwRev=00000000h, Ports=1, MaxQ=256, IRQ=20
[   14.054784] scsi 2:0:0:0: Direct-Access     VBOX     HARDDISK         1.0  PQ: 0 ANSI: 5
[   14.195377] scsi target2:0:0: Beginning Domain Validation
[   14.281681] scsi target2:0:0: Domain Validation skipping write tests
[   14.395394] scsi target2:0:0: Ending Domain Validation
[   14.404398] scsi target2:0:0: asynchronous
[   14.425171] scsi 2:0:1:0: Direct-Access     VBOX     HARDDISK         1.0  PQ: 0 ANSI: 5
[   14.430669] scsi target2:0:1: Beginning Domain Validation
[   14.437209] scsi target2:0:1: Domain Validation skipping write tests
[   14.455243] scsi target2:0:1: Ending Domain Validation
[   14.457851] scsi target2:0:1: asynchronous
[   14.474683] sd 2:0:0:0: Attached scsi generic sg0 type 0
[   14.482546] sd 2:0:0:0: [sda] 20971520 512-byte logical blocks: (10.7 GB/10.0 GiB)
[   14.487439] sd 2:0:0:0: [sda] Write Protect is off
[   14.490151] sd 2:0:0:0: [sda] Incomplete mode parameter data
[   14.491657] sd 2:0:0:0: [sda] Assuming drive cache: write through
[   14.493653] sd 2:0:1:0: Attached scsi generic sg1 type 0
[   14.498363] sd 2:0:1:0: [sdb] 20480 512-byte logical blocks: (10.5 MB/10.0 MiB)
[   14.506420] sd 2:0:1:0: [sdb] Write Protect is off
[   14.512282] sd 2:0:1:0: [sdb] Incomplete mode parameter data
[   14.515869] sd 2:0:1:0: [sdb] Assuming drive cache: write through
[   14.518842]  sda: sda1
[   14.521826] sd 2:0:0:0: [sda] Attached SCSI disk
[   14.526073] sd 2:0:1:0: [sdb] Attached SCSI disk
[   14.747539] e1000 0000:00:08.0 eth1: (PCI:33MHz:32-bit) 08:00:27:20:6b:60
[   14.754898] e1000 0000:00:08.0 eth1: Intel(R) PRO/1000 Network Connection
[   14.816865] e1000 0000:00:08.0 enp0s8: renamed from eth1
[   14.858189] e1000 0000:00:03.0 enp0s3: renamed from eth0
Begin: Loading essential drivers[   16.302430] md: linear personality registered for level -1
 ... [   16.419803] md: multipath personality registered for level -4
[   16.497910] md: raid0 personality registered for level 0
[   16.503726] md: raid1 personality registered for level 1
[   16.585662] raid6: sse2x1   gen()  7624 MB/s
[   16.705829] raid6: sse2x1   xor()  5347 MB/s
[   16.843309] raid6: sse2x2   gen()  9309 MB/s
[   16.949975] raid6: sse2x2   xor()  6185 MB/s
[   17.025760] raid6: sse2x4   gen()  7015 MB/s
[   17.098051] raid6: sse2x4   xor()  3700 MB/s
[   17.110106] raid6: using algorithm sse2x2 gen() 9309 MB/s
[   17.138734] raid6: .... xor() 6185 MB/s, rmw enabled
[   17.179315] raid6: using ssse3x2 recovery algorithm
[   17.290365] xor: automatically using best checksumming function:
[   17.378106]    avx       : 24021.000 MB/sec
[   17.427910] async_tx: api initialized (async)
[   17.487886] md: raid6 personality registered for level 6
[   17.528576] md: raid5 personality registered for level 5
[   17.591150] md: raid4 personality registered for level 4
[   17.666503] md: raid10 personality registered for level 10
done.
Begin: Running /scripts/i[   17.773088] Btrfs loaded
nit-premount ... done.
Begin: Mounting root file system ... Begin: Running /scripts/local-top ... done.
Begin:[   17.831152] EXT4-fs (sda1): mounted filesystem with ordered data mode. Opts: (null)
 Running /scripts/local-premount ... Scanning for Btrfs filesystems
done.
Warning: fsck not present, so skipping root file system
done.
Begin: Running /scripts/local-bottom ... done.
Begin: Running /scripts/init-bottom ... done.
[   17.960982] systemd[1]: systemd 229 running in system mode. (+PAM +AUDIT +SELINUX +IMA +APPARMOR +SMACK +SYSVINIT +UTMP +LIBCRYPTSETUP +GCRYPT +GNUTLS +ACL +XZ -LZ4 +SECCOMP +BLKID +ELFUTILS +KMOD -IDN)
[   18.090492] systemd[1]: Detected virtualization oracle.
[   18.133089] systemd[1]: Detected architecture x86-64.

Welcome to [1mUbuntu 16.04.6 LTS[0m!

[   18.171362] systemd[1]: Set hostname to <ubuntu>.
[   18.190560] systemd[1]: Initializing machine ID from random generator.
[   18.283897] systemd[1]: Installed transient /etc/machine-id file.
[   18.489374] systemd[1]: Reached target Encrypted Volumes.
[[0;32m  OK  [0m] Reached target Encrypted Volumes.
[   18.574117] systemd[1]: Listening on LVM2 metadata daemon socket.
[[0;32m  OK  [0m] Listening on LVM2 metadata daemon socket.
[   18.631490] systemd[1]: Listening on udev Kernel Socket.
[[0;32m  OK  [0m] Listening on udev Kernel Socket.
[   18.678419] systemd[1]: Started Trigger resolvconf update for networkd DNS.
[[0;32m  OK  [0m] Started Trigger resolvconf update for networkd DNS.
[   18.750474] systemd[1]: Reached target User and Group Name Lookups.
[[0;32m  OK  [0m] Reached target User and Group Name Lookups.
[   18.880929] systemd[1]: Reached target Swap.
[[0;32m  OK  [0m] Reached target Swap.
[   18.970479] systemd[1]: Listening on Journal Socket (/dev/log).
[[0;32m  OK  [0m] Listening on Journal Socket (/dev/log).
[   19.010150] systemd[1]: Listening on /dev/initctl Compatibility Named Pipe.
[[0;32m  OK  [0m] Listening on /dev/initctl Compatibility Named Pipe.
[   19.195776] systemd[1]: Listening on LVM2 poll daemon socket.
[[0;32m  OK  [0m] Listening on LVM2 poll daemon socket.
[   19.246089] systemd[1]: Listening on Device-mapper event daemon FIFOs.
[[0;32m  OK  [0m] Listening on Device-mapper event daemon FIFOs.
[   19.283350] systemd[1]: Listening on Journal Audit Socket.
[[0;32m  OK  [0m] Listening on Journal Audit Socket.
[   19.326628] systemd[1]: Created slice User and Session Slice.
[[0;32m  OK  [0m] Created slice User and Session Slice.
[   19.422586] systemd[1]: Listening on udev Control Socket.
[[0;32m  OK  [0m] Listening on udev Control Socket.
[   19.542269] systemd[1]: Started Forward Password Requests to Wall Directory Watch.
[[0;32m  OK  [0m] Started Forward Password Requests to Wall Directory Watch.
[   19.762225] systemd[1]: Listening on Syslog Socket.
[[0;32m  OK  [0m] Listening on Syslog Socket.
[   19.802758] systemd[1]: Set up automount Arbitrary Executable File Formats File System Automount Point.
[[0;32m  OK  [0m] Set up automount Arbitrary Executab...ats File System Automount Point.
[   19.958794] systemd[1]: Created slice System Slice.
[[0;32m  OK  [0m] Created slice System Slice.
[   19.999794] systemd[1]: Created slice system-serial\x2dgetty.slice.
[[0;32m  OK  [0m] Created slice system-serial\x2dgetty.slice.
[   20.094064] systemd[1]: Reached target Slices.
[[0;32m  OK  [0m] Reached target Slices.
[   20.126944] systemd[1]: Listening on Journal Socket.
[[0;32m  OK  [0m] Listening on Journal Socket.
[   20.302250] systemd[1]: Starting Create list of required static device nodes for the current kernel...
[   20.307682] random: nonblocking pool is initialized
         Starting Create list of required st... nodes for the current kernel...
[   20.405886] systemd[1]: Mounting POSIX Message Queue File System...
         Mounting POSIX Message Queue File System...
[   20.530506] systemd[1]: Starting Nameserver information manager...
         Starting Nameserver information manager...
[   20.662211] systemd[1]: Mounting Debug File System...
         Mounting Debug File System...
[   20.766634] systemd[1]: Starting Set console keymap...
         Starting Set console keymap...
[   20.878053] systemd[1]: Mounting Huge Pages File System...
         Mounting Huge Pages File System...
[   21.030694] systemd[1]: Starting Remount Root and Kernel File Systems...
[   21.036408] EXT4-fs (sda1): re-mounted. Opts: (null)
         Starting Remount Root and Kernel File Systems...
[   21.226974] systemd[1]: Starting Monitoring of LVM2 mirrors, snapshots etc. using dmeventd or progress polling...
         Starting Monitoring of LVM2 mirrors... dmeventd or progress polling...
[   21.330589] systemd[1]: Starting Load Kernel Modules...
         Starting Load Kernel Modules...
[   21.344538] systemd[1]: Starting Journal Service...
         Startin[   21.356803] Loading iSCSI transport class v2.0-870.
g Journal Service...
[   21.450434] systemd[1]: Reached target System Time Synchronized.
[[0;32m  OK  [0m] Reached target System Time S[   21.461286] iscsi: registered transport (tcp)
ynchronized.
[   21.498537] systemd[1]: Starting Uncomplicated firewall...
         Starting Uncomplicated firewall...
[   21.534466] iscsi: registered transport (iser)
[   21.536402] systemd[1]: Mounted POSIX Message Queue File System.
[[0;32m  OK  [0m] Mounted POSIX Message Queue File System.
[   21.670192] systemd[1]: Mounted Debug File System.
[[0;32m  OK  [0m] Mounted Debug File System.
[   21.750482] systemd[1]: Mounted Huge Pages File System.
[[0;32m  OK  [0m] Mounted Huge Pages File System.
[   21.862979] systemd[1]: Started Journal Service.
[[0;32m  OK  [0m] Started Journal Service.
[[0;32m  OK  [0m] Started Create list of required sta...ce nodes for the current kernel.
[[0;32m  OK  [0m] Started Set console keymap.
[[0;32m  OK  [0m] Started Remount Root and Kernel File Systems.
[[0;32m  OK  [0m] Started Load Kernel Modules.
[[0;32m  OK  [0m] Started Uncomplicated firewall.
[[0;32m  OK  [0m] Started Nameserver information manager.
[[0;32m  OK  [0m] Started LVM2 metadata daemon.
         Mounting FUSE Control File System...
         Starting Apply Kernel Variables...
         Starting udev Coldplug all Devices...
         Starting Load/Save Random Seed...
         Starting Create Static Device Nodes in /dev...
         Starting Flush Journal to Persistent Storage...
[[0;32m  OK  [0m] Mounted FUSE Control File System.
[[0;32m  OK  [0m] Started Monitoring of LVM2 mirrors,...ng dmeventd or progress polling.
[[0;32m  OK  [0m] Started Apply Kernel Variables.
[[0;32m  OK  [0m] Started Load/Save Random Seed.
[[0;32m  OK  [0m] Started Create Static Device Nodes in /dev.
[[0;32m  OK  [0m] Started udev Coldplug all Devices.
[[0;32m  OK  [0m] Started Flush Journal to Persistent Storage.
         Starting udev Kernel Device Manager...
[[0;32m  OK  [0m] Reached target Local File Systems (Pre).
[[0;32m  OK  [0m] Reached target Local File Systems.
         Starting Create Volatile Files and Directories...
         Starting Tell Plymouth To Write Out Runtime Data...
         Starting Set console font and keymap...
         Starting LSB: AppArmor initialization...
         Starting Initial cloud-init job (pre-networking)...
         Starting Commit a transient machine-id on disk...
[[0;32m  OK  [0m] Started udev Kernel Device Manager.
[[0;32m  OK  [0m] Started Create Volatile Files and Directories.
[[0;32m  OK  [0m] Started Tell Plymouth To Write Out Runtime Data.
[[0;32m  OK  [0m] Started Commit a transient machine-id on disk.
[[0;32m  OK  [0m] Found device /dev/ttyS0.
[[0;32m  OK  [0m] Listening on Load/Save RF Kill Switch Status /dev/rfkill Watch.
         Starting Update UTMP about System Boot/Shutdown...
[[0;32m  OK  [0m] Started Dispatch Password Requests to Console Directory Watch.
[[0;32m  OK  [0m] Started Set console font and keymap.
[[0;32m  OK  [0m] Started Update UTMP about System Boot/Shutdown.
[[0;32m  OK  [0m] Created slice system-getty.slice.
[   18.064871] cloud-init[513]: Cloud-init v. 18.5-45-g3554ffe8-0ubuntu1~16.04.1 running 'init-local' at Thu, 30 May 2019 08:21:23 +0000. Up 17.57 seconds.
[[0;32m  OK  [0m] Started Initial cloud-init job (pre-networking).
[[0;32m  OK  [0m] Reached target Network (Pre).
[[0;32m  OK  [0m] Started LSB: AppArmor initialization.
         Starting Raise network interfaces...
[[0;32m  OK  [0m] Started Raise network interfaces.
         Starting Initial cloud-init job (metadata service crawler)...
[[0;32m  OK  [0m] Reached target Network.
[   19.823509] cloud-init[942]: Cloud-init v. 18.5-45-g3554ffe8-0ubuntu1~16.04.1 running 'init' at Thu, 30 May 2019 08:21:25 +0000. Up 19.14 seconds.
[   19.908781] cloud-init[942]: ci-info: ++++++++++++++++++++++++++++++++++++++Net device info+++++++++++++++++++++++++++++++++++++++
[[0;32m  OK  [0m] Started Initial cloud-init job (metadata service crawler).
[   19.909329] cloud-init[942]: ci-info: +--------+-------+----------------------------+---------------+--------+-------------------+
[   20.044783] cloud-init[942]: ci-info: | Device |   Up  |          Address           |      Mask     | Scope  |     Hw-Address    |
[   20.045354] cloud-init[942]: ci-info: +--------+-------+----------------------------+---------------+--------+-------------------+
[[0;32m  OK  [0m] Reached target Cloud-config availability.
[[   20.045574] cloud-init[942]: ci-info: | enp0s3 |  True |         10.0.2.15          | 255.255.255.0 | global | 02:3a:f4:24:e2:72 |
[   20.213631] cloud-init[942]: ci-info: | enp0s3 |  True | fe80::3a:f4ff:fe24:e272/64 |       .       |  link  | 02:3a:f4:24:e2:72 |
[0;32m  OK  [0m] Reached target System Initialization.
[   20.215325] cloud-init[942]: ci-info: | enp0s8 | False |             .              |       .       |   .    | 08:00:27:20:6b:60 |
[   20.468525] cloud-init[942]: ci-info: |   lo   |  True |         127.0.0.1          |   255.0.0.0   |  host  |         .         |
[   20.469038] cloud-init[942]: ci-info: |   lo   |  True |          ::1/128           |       .       |  host  |         .         |
[[0;32m  OK  [0m] Started Daily apt download activities.
[   20.469385] cloud-init[942]: ci-info: +--------+-------+----------------------------+---------------+--------+-------------------+
[   20.692913] cloud-init[942]: ci-info: +++++++++++++++++++++++++++Route IPv4 info++++++++++++++++++++++++++++
[[0;32m  OK  [0m] Started Daily apt upgrade and clean activities.
         Starting LXD - unix socket.
[[0;32m  OK  [0m] Listening on UUID daemon activation socket.
[[0;32m  OK  [0m] Listening on D-Bus System Message Bus Socket.
         Starting Socket activation for snappy daemon.
[   20.693097] cloud-init[942]: ci-info: +-------+-------------+----------+---------------+-----------+-------+
[   21.036230] cloud-init[942]: ci-info: | Route | Destination | Gateway  |    Genmask    | Interface | Flags |
[   21.036743] cloud-init[942]: ci-info: +-------+-------------+----------+---------------+-----------+-------+
[[0;32m  OK  [0m] Started ACPI Events Check.
[   21.037132] cloud-init[942]: ci-info: |   0   |   0.0.0.0   | 10.0.2.2 |    0.0.0.0    |   enp0s3  |   UG  |
[   21.186757] cloud-init[942]: ci-info: |   1   |   10.0.2.0  | 0.0.0.0  | 255.255.255.0 |   enp0s3  |   U   |
[[0;32m  OK  [0m] Reached target Paths.
[[   21.186994] cloud-init[942]: ci-info: +-------+-------------+----------+---------------+-----------+-------+
[   21.317323] cloud-init[942]: ci-info: +++++++++++++++++++Route IPv6 info+++++++++++++++++++
[0;32m  OK  [0m] Listening on ACPID Listen Socket.
[[   21.317571] cloud-init[942]: ci-info: +-------+-------------+---------+-----------+-------+
[   21.435856] cloud-init[942]: ci-info: | Route | Destination | Gateway | Interface | Flags |
[0;32m  OK  [0m] Started Daily Cleanup of Temporary Directories.
[   21.436093] cloud-init[942]: ci-info: +-------+-------------+---------+-----------+-------+
[   21.518167] cloud-init[942]: ci-info: |   0   |  fe80::/64  |    ::   |   enp0s3  |   U   |
[[0;32m  OK  [0m] Reached target Timers.
[   21.518323] cloud-init[942]: ci-info: |   3   |   ff00::/8  |    ::   |   enp0s3  |   U   |
[   21.573128] cloud-init[942]: ci-info: +-------+-------------+---------+-----------+-------+
[[0;32m  OK  [0m] Reached target Network is Online.
[   21.573285] cloud-init[942]: Generating public/private rsa key pair.
[   21.671930] cloud-init[942]: Your identification has been saved in /etc/ssh/ssh_host_rsa_key.
         Starting iSCSI initiator daemon (iscsid)...
[   21.673508] cloud-init[942]: Your public key has been saved in /etc/ssh/ssh_host_rsa_key.pub.
[   21.756241] cloud-init[942]: The key fingerprint is:
[   21.757011] cloud-init[942]: SHA256:43cuxKVRLUvf2csTe7EZs3ywX4kuFEOWnaJg2fTrVag root@ubuntu-xenial
[[0;32m  OK  [0m] Listening on LXD - unix socket.
[   21.757352] cloud-init[942]: The key's randomart image is:
[   21.876619] cloud-init[942]: +---[RSA 2048]----+
[   21.877412] cloud-init[942]: |        +.  o..  |
[[0;32m  OK  [0m] Listening on Socket activation for snappy daemon.
[   21.877963] cloud-init[942]: |       + ..=+oo  |
[   21.926830] cloud-init[942]: |      . . ++.= oo|
[   21.927241] cloud-init[942]: |         ..o= +*o|
[[0;32m  OK  [0m] Started iSCSI initiator daemon (iscsid).
[   21.927694] cloud-init[942]: |        S. Eo.+o%|
[   21.972757] cloud-init[942]: |       . .=....@+|
[   21.986343] cloud-init[942]: |        ..o.o  .=|
[   21.986784] cloud-init[942]: |         ..+ .  .|
         Starting Login to default iSCSI targets...
[[   21.987086] cloud-init[942]: |           .o    |
[   22.024941] cloud-init[942]: +----[SHA256]-----+
[   22.025199] cloud-init[942]: Generating public/private dsa key pair.
[   22.025499] cloud-init[942]: Your identification has been saved in /etc/ssh/ssh_host_dsa_key.
[   22.025801] cloud-init[942]: Your public key has been saved in /etc/ssh/ssh_host_dsa_key.pub.
[   22.026118] cloud-init[942]: The key fingerprint is:
[   22.026412] cloud-init[942]: SHA256:Ycbo/rmThyxkpXge3S9lOVIllJ7aAG7dgxGVfotbIOM root@ubuntu-xenial
[0;32m  OK  [0m] Reached target Sockets.
[   22.026723] cloud-init[942]: The key's randomart image is:
[   22.233970] cloud-init[942]: +---[DSA 1024]----+
[[0;32m  OK  [0m] Reached target Basic System.
[   22.234196] cloud-init[942]: |          .+oo   |
[   22.344595] cloud-init[942]: |       o. . + .  |
[   22.345014] cloud-init[942]: |      ..=o * +   |
         Starting Virtualbox guest utils...
[   22.345212] cloud-init[942]: |     . o+.* O .  |
[   22.428787]          cloud-initStarting LSB: Record successful boot for GRUB...[942]: 
|     ..=So B * . |
[[0;32m  OK  [0m] Started ACPI event daemon.
[   22.471831] cloud-init[942]: |    ..* . E B o  |
         Starting Snappy daemon...
[   22.528337] cloud-init[942]: |     =.o o = +   |
[   22.548662] cloud-init[942]: |      o.=.o o    |
[   22.565229]          Starting LSB: MD monitoring daemon...
cloud-init[942]: |       .++ .     |
         Starting Login Service...
[   22.580312] cloud-init[942]: +----[SHA256]-----+
[   22.604786] cloud-init[942]: Generating public/private ecdsa key pair.
[[0;32m  OK  [0m] Started Regular background program processing daemon.
[   22.605905] cloud-init[942]: Your identification has been saved in /etc/ssh/ssh_host_ecdsa_key.
[   22.661825] cloud-init[942]: Your public key has been saved in /etc/ssh/ssh_host_ecdsa_key.pub.
[   22.666195] cloud-init[942]: The key fingerprint is:
[   22.687811] [[0;32m  OK  [0m] Started Deferred execution scheduler.
cloud-init[942]: SHA256:s7jdGe+Rs2IoI57IybxTGX6E9AEGsGJtu3OOn/QSKR4 root@ubuntu-xenial
[   22.701570] [[0;32m  OK  [0m] Started Unattended Upgrades Shutdown.
cloud-init[942]: The key's randomart image is:
         Starting Pollinate to seed the pseudo random number generator...
[   22.727361] cloud-init[942]: +---[ECDSA 256]---+
[   22.761733] cloud-init[942]: |....o.           |
[   22.776877] [cloud-init[0;32m  OK  [0m[942]: ] | .... .          |Started D-Bus System Message Bus.

[   22.777415] cloud-init[942]: |o. + o .         |
[   22.795672] cloud-init[942]: |o . + o          |
[   22.802834] cloud-init[942]: |   o +. S        |
[   22.812416] cloud-init[942]: |   E=o.. o   .   |
[   22.823661]          Starting LXD - container startup/shutdown...
cloud-init         [942]: Starting /etc/rc.local Compatibility...|  .+o+o ... +    |

[   22.859086] [[0;32m  OK  [0m] Started FUSE filesystem for LXC.
cloud-init[942]: | +.+Bo=o..o+ +   |
         Starting Accounts Service...
[   22.880411] cloud-init[942]: |  B=+=o+..oo+    |
         Starting System Logging Service...
[   22.902296] cloud-init[942]: +----[SHA256]-----+
[   22.935973] [[0;32m  OK  [0m] Started Snappy daemon.
cloud-init[942]: Generating public/private ed25519 key pair.
[[0;32m  OK  [0m] Started /etc/rc.local Compatibility.
[   22.940509] cloud-init[942]: Your identification has been saved in /etc/ssh/ssh_host_ed25519_key.
[   22.960961] cloud-init[942]: Your public key has been saved in /etc/ssh/ssh_host_ed25519_key.pub.[[0;32m  OK  [0m] Started System Logging Service.

[   23.026092] cloud-init[942]: The key fingerprint is:
[   23.045585] cloud-init[942]: SHA256:o0nUptXHh+XN0NQ2Z9KZGmRPIf5Ys+4Clk4o6ZGHSfc root@ubuntu-xenial
[   23.112309] cloud-init[942]: The key's randomart image is:
[[0;32m  OK  [0m] Started Login to default iSCSI targets.
[   23.113106] cloud-init[942]: +--[ED25519 256]--+
[   23.193811] cloud-init[942]: |            .+o**|
[[0;32m  OK  [0m] Started LSB: Record successful boot for GRUB.
[[0;32m  OK  [0m] Started Virtualbox guest utils.
[   23.194861] cloud-init[942]: |       . . .o==BB|
[[0;32m  OK  [0m] Started LXD - container startup/shutdown.
[   23.296166] cloud-init[942]: |      . + . +.=B=|
[   23.332679] [cloud-init[0;32m  OK  [0m[942]: ] |     . = . . o+ o|Started Pollinate to seed the pseudo random number generator.

[   23.333933] cloud-init[942]: |      + S o .. o |
[   23.376772] cloud-init[942]: |     . X + E  .  |
[   23.400499] cloud-init[942]: |      + + + .  . |
[   23.424407] cloud-init[942]: |       .   . ..  |
[[0;32m  OK  [0m] Started LSB: MD monitoring daemon.
[   23.458916] cloud-init[942]: |              .. |
[   23.476853] cloud-init[942]: +----[SHA256]-----+
[[0;32m  OK  [0m] Started Login Service.
         Starting Authenticate and Authorize Users to Run Privileged Tasks...
         Starting OpenBSD Secure Shell server...
[[0;32m  OK  [0m] Reached target Remote File Systems (Pre).
[[0;32m  OK  [0m] Reached target Remote File Systems.
         Starting Permit User Sessions...
         Starting LSB: Set the CPU Frequency Scaling governor to "ondemand"...
         Starting LSB: automatic crash report generation...
         Starting LSB: daemon to balance interrupts for SMP systems...
         Starting Wait until snapd is fully seeded...
[[0;32m  OK  [0m] Started Permit User Sessions.
[[0;32m  OK  [0m] Started Wait until snapd is fully seeded.
[[0;32m  OK  [0m] Started OpenBSD Secure Shell server.
[[0;32m  OK  [0m] Started Authenticate and Authorize Users to Run Privileged Tasks.
[[0;32m  OK  [0m] Started Accounts Service.
[[0;32m  OK  [0m] Started LSB: Set the CPU Frequency Scaling governor to "ondemand".
         Starting Apply the settings specified in cloud-config...
         Starting Hold until boot process finishes up...
         Starting Terminate Plymouth Boot Screen...
[[0;32m  OK  [0m] Started Hold until boot process finishes up.
[[0;32m  OK  [0m] Started Serial Getty on ttyS0.
[[0;32m  OK  [0m] Started Getty on tty1.
[[0;32m  OK  [0m] Reached target Login Prompts.
         Starting Set console scheme...
[[0;32m  OK  [0m] Started LSB: automatic crash report generation.
[[0;32m  OK  [0m] Started LSB: daemon to balance interrupts for SMP systems.
[[0;32m  OK  [0m] Started Terminate Plymouth Boot Screen.
[[0;32m  OK  [0m] Started Set console scheme.
[[0;32m  OK  [0m] Reached target Multi-User System.
[[0;32m  OK  [0m] Reached target Graphical Interface.
         Starting Update UTMP about System Runlevel Changes...
[[0;32m  OK  [0m] Started Update UTMP about System Runlevel Changes.
[[0;32m  OK  [0m] Created slice User Slice of vagrant.
         Starting User Manager for UID 1000...
[[0;32m  OK  [0m] Started Session 1 of user vagrant.
[[0;32m  OK  [0m] Started User Manager for UID 1000.
[   24.806548] cloud-init[1258]: Generating locales (this might take a while)...
[   26.070071] cloud-init[1258]:   en_US.UTF-8... done
[   26.088614] cloud-init[1258]: Generation complete.
[   26.653437] cloud-init[1258]: Cloud-init v. 18.5-45-g3554ffe8-0ubuntu1~16.04.1 running 'modules:config' at Thu, 30 May 2019 08:21:31 +0000. Up 24.63 seconds.
[[0;32m  OK  [0m] Started Apply the settings specified in cloud-config.
         Starting Execute cloud user/final scripts...
         Stopping User Manager for UID 1000...
[[0;32m  OK  [0m] Stopped User Manager for UID 1000.
[[0;32m  OK  [0m] Removed slice User Slice of vagrant.
[[0;32m  OK  [0m] Created slice User Slice of vagrant.
         Starting User Manager for UID 1000...
[[0;32m  OK  [0m] Started Session 2 of user vagrant.
[[0;32m  OK  [0m] Started User Manager for UID 1000.
ci-info: no authorized ssh keys fingerprints found for user ubuntu.
<14>May 30 08:21:33 ec2: 
<14>May 30 08:21:33 ec2: #############################################################
<14>May 30 08:21:33 ec2: -----BEGIN SSH HOST KEY FINGERPRINTS-----
<14>May 30 08:21:33 ec2: 1024 SHA256:Ycbo/rmThyxkpXge3S9lOVIllJ7aAG7dgxGVfotbIOM root@ubuntu-xenial (DSA)
<14>May 30 08:21:33 ec2: 256 SHA256:s7jdGe+Rs2IoI57IybxTGX6E9AEGsGJtu3OOn/QSKR4 root@ubuntu-xenial (ECDSA)
<14>May 30 08:21:33 ec2: 256 SHA256:o0nUptXHh+XN0NQ2Z9KZGmRPIf5Ys+4Clk4o6ZGHSfc root@ubuntu-xenial (ED25519)
<14>May 30 08:21:33 ec2: 2048 SHA256:43cuxKVRLUvf2csTe7EZs3ywX4kuFEOWnaJg2fTrVag root@ubuntu-xenial (RSA)
<14>May 30 08:21:33 ec2: -----END SSH HOST KEY FINGERPRINTS-----
<14>May 30 08:21:33 ec2: #############################################################
-----BEGIN SSH HOST KEY KEYS-----
ecdsa-sha2-nistp256 AAAAE2VjZHNhLXNoYTItbmlzdHAyNTYAAAAIbmlzdHAyNTYAAABBBNvSduc0MUgN7yTA7HxeRyOBvQnMA6C6C7kjcahCBwtbx/+1YBUvZ1LUGwD5OEYjWe07y4GYbaNDofTWsXeQT6M= root@ubuntu-xenial
ssh-ed25519 AAAAC3NzaC1lZDI1NTE5AAAAIHf8tzBk/SP/au7ypfJkk9o3k5gc9o5BFUM3iHIqUf29 root@ubuntu-xenial
ssh-rsa AAAAB3NzaC1yc2EAAAADAQABAAABAQC8ggFf0bNU1xJUNiYkhb8xw2GEsfY3rYqTiLblwNfia6MXJGPWUTNNabl6BX41AuuF8IoJv6RGtUKKsEdGrxEFQ68lo3OIpD8Yytb0BBpwYvYdPAbxAobPc/YWfM7ce24miXFDxKZRtRPbA+Fr4l+T+gIdTjCBVDFHDijj5PBZvKFtkpTf0GWBkLljjnGFDgJysiY6srC6k3v+IwcDvRummyBOe2GnKhgR00FHs3bwbzp4mqVgTwk6s2UMZtrsVl84514hsSmRLJMIgdkATc0VQmwfyKIZ8eLYRkdc6IMK8tBlomAeHzB3QHRzzQmXO31UtSFkusZEr2nYGayOe9it root@ubuntu-xenial
-----END SSH HOST KEY KEYS-----
[   28.121734] cloud-init[1534]: Cloud-init v. 18.5-45-g3554ffe8-0ubuntu1~16.04.1 running 'modules:final' at Thu, 30 May 2019 08:21:33 +0000. Up 27.36 seconds.
[   28.133269] cloud-init[1534]: ci-info: no authorized ssh keys fingerprints found for user ubuntu.
[   28.176765] cloud-init[1534]: Cloud-init v. 18.5-45-g3554ffe8-0ubuntu1~16.04.1 finished at Thu, 30 May 2019 08:21:34 +0000. Datasource DataSourceNoCloud [seed=/dev/sdb][dsmode=net].  Up 28.11 seconds
[[0;32m  OK  [0m] Started Execute cloud user/final scripts.
[[0;32m  OK  [0m] Reached target Cloud-init target.

Ubuntu 16.04.6 LTS ubuntu-xenial ttyS0

ubuntu-xenial login: 